<?xml version="1.0" encoding="UTF-8"?>
<testng-results total="1" passed="1" failed="0" skipped="0">
  <reporter-output>
  </reporter-output>
  <suite started-at="2023-11-06T21:23:40Z" name="Default suite" finished-at="2023-11-06T21:23:45Z" duration-ms="4505">
    <groups>
    </groups>
    <test started-at="2023-11-06T21:23:40Z" name="Default test" finished-at="2023-11-06T21:23:45Z" duration-ms="4505">
      <class name="login_Suite.TC01_Login">
        <test-method is-config="true" signature="iniciarWebDriver()[pri:0, instance:login_Suite.TC01_Login@76304b46]" started-at="2023-11-06T21:23:40Z" name="iniciarWebDriver" finished-at="2023-11-06T21:23:43Z" duration-ms="3427" status="PASS">
        </test-method>
        <test-method signature="TC_01()[pri:0, instance:login_Suite.TC01_Login@76304b46]" started-at="2023-11-06T21:23:43Z" name="TC_01" finished-at="2023-11-06T21:23:44Z" duration-ms="722" status="PASS">
        </test-method>
        <test-method is-config="true" signature="closeDriver()[pri:0, instance:login_Suite.TC01_Login@76304b46]" started-at="2023-11-06T21:23:44Z" name="closeDriver" finished-at="2023-11-06T21:23:45Z" duration-ms="332" status="PASS">
        </test-method>
      </class>
    </test>
  </suite>
</testng-results>
